npm verb cli /usr/local/bin/node /usr/local/bin/npm
npm info using npm@9.8.1
npm info using node@v22.16.0
npm verb title npm install
npm verb argv "install" "--loglevel" "verbose"
npm verb logfile logs-max:10 dir:/Users/tanakamasaya/.npm/_logs/2025-08-02T09_05_59_207Z-
npm verb logfile /Users/tanakamasaya/.npm/_logs/2025-08-02T09_05_59_207Z-debug-0.log
npm http fetch GET 200 https://registry.npmjs.org/expo 20ms (cache hit)
npm http fetch GET 200 https://registry.npmjs.org/@expo%2fdom-webview 538ms (cache miss)
npm http fetch GET 200 https://registry.npmjs.org/react 10ms (cache hit)
npm http fetch GET 200 https://registry.npmjs.org/react-native 24ms (cache hit)
npm http fetch GET 200 https://registry.npmjs.org/@expo%2fmetro-runtime 387ms (cache miss)
npm http fetch GET 200 https://registry.npmjs.org/react-native-webview 80ms (cache miss)
npm http fetch GET 200 https://registry.npmjs.org/expo-notifications 5ms (cache hit)
npm http fetch GET 200 https://registry.npmjs.org/expo-sqlite 4ms (cache hit)
npm http fetch GET 200 https://registry.npmjs.org/@react-native-async-storage%2fasync-storage 5ms (cache hit)
npm http fetch GET 200 https://registry.npmjs.org/react-dom 11ms (cache hit)
npm http fetch GET 200 https://registry.npmjs.org/react-native-paper 9ms (cache hit)
npm http fetch GET 200 https://registry.npmjs.org/react-native-safe-area-context 111ms (cache miss)
npm http fetch GET 200 https://registry.npmjs.org/@expo%2fvector-icons 4ms (cache hit)
npm http fetch GET 200 https://registry.npmjs.org/@react-navigation%2fnative 4ms (cache hit)
npm http fetch GET 200 https://registry.npmjs.org/@react-navigation%2fbottom-tabs 5ms (cache hit)
npm http fetch GET 200 https://registry.npmjs.org/react-native-screens 74ms (cache miss)
npm http fetch GET 200 https://registry.npmjs.org/recoil 3ms (cache hit)
npm http fetch GET 200 https://registry.npmjs.org/recoil-sync 7ms (cache hit)
npm http fetch GET 200 https://registry.npmjs.org/@babel%2fcore 4ms (cache hit)
npm http fetch GET 200 https://registry.npmjs.org/@types%2freact 5ms (cache hit)
npm http fetch GET 200 https://registry.npmjs.org/@types%2freact-native 5ms (cache hit)
npm http fetch GET 200 https://registry.npmjs.org/typescript 24ms (cache hit)
npm http fetch GET 200 https://registry.npmjs.org/jest 9ms (cache hit)
npm http fetch GET 200 https://registry.npmjs.org/node-notifier 58ms (cache miss)
npm http fetch GET 200 https://registry.npmjs.org/@testing-library%2freact-native 4ms (cache hit)
npm http fetch GET 200 https://registry.npmjs.org/react-test-renderer 10ms (cache hit)
npm http fetch GET 200 https://registry.npmjs.org/semver 190ms (cache hit)
npm http fetch GET 200 https://registry.npmjs.org/debug 194ms (cache hit)
npm http fetch GET 200 https://registry.npmjs.org/@babel%2ftemplate 188ms (cache hit)
npm http fetch GET 200 https://registry.npmjs.org/@babel%2fparser 190ms (cache hit)
npm http fetch GET 200 https://registry.npmjs.org/json5 199ms (cache hit)
npm http fetch GET 200 https://registry.npmjs.org/convert-source-map 192ms (cache hit)
npm http fetch GET 200 https://registry.npmjs.org/@babel%2fhelpers 194ms (cache hit)
npm http fetch GET 200 https://registry.npmjs.org/@babel%2fcode-frame 195ms (cache hit)
npm http fetch GET 200 https://registry.npmjs.org/merge-options 190ms (cache hit)
npm http fetch GET 200 https://registry.npmjs.org/@babel%2fgenerator 197ms (cache hit)
npm http fetch GET 200 https://registry.npmjs.org/@babel%2fhelper-compilation-targets 198ms (cache hit)
npm http fetch GET 200 https://registry.npmjs.org/@babel%2ftypes 208ms (cache hit)
npm http fetch GET 200 https://registry.npmjs.org/gensync 210ms (cache hit)
npm http fetch GET 200 https://registry.npmjs.org/anser 197ms (cache hit)
npm http fetch GET 200 https://registry.npmjs.org/chalk 198ms (cache hit)
npm http fetch GET 200 https://registry.npmjs.org/@ampproject%2fremapping 205ms (cache hit)
npm http fetch GET 200 https://registry.npmjs.org/@babel%2fhelper-module-transforms 206ms (cache hit)
npm http fetch GET 200 https://registry.npmjs.org/@babel%2ftraverse 210ms (cache hit)
npm http fetch GET 200 https://registry.npmjs.org/invariant 202ms (cache hit)
npm http fetch GET 200 https://registry.npmjs.org/promise 204ms (cache hit)
npm http fetch GET 200 https://registry.npmjs.org/whatwg-fetch 202ms (cache hit)
npm http fetch GET 200 https://registry.npmjs.org/nullthrows 203ms (cache hit)
npm http fetch GET 200 https://registry.npmjs.org/ws 208ms (cache hit)
npm http fetch GET 200 https://registry.npmjs.org/base64-js 209ms (cache hit)
npm http fetch GET 200 https://registry.npmjs.org/memoize-one 208ms (cache hit)
npm http fetch GET 200 https://registry.npmjs.org/yargs 213ms (cache hit)
npm http fetch GET 200 https://registry.npmjs.org/jsc-android 214ms (cache hit)
npm http fetch GET 200 https://registry.npmjs.org/ansi-regex 216ms (cache hit)
npm http fetch GET 200 https://registry.npmjs.org/flow-enums-runtime 212ms (cache hit)
npm http fetch GET 200 https://registry.npmjs.org/metro-runtime 215ms (cache hit)
npm http fetch GET 200 https://registry.npmjs.org/abort-controller 216ms (cache hit)
npm http fetch GET 200 https://registry.npmjs.org/pretty-format 220ms (cache hit)
npm http fetch GET 200 https://registry.npmjs.org/stacktrace-parser 222ms (cache hit)
npm http fetch GET 200 https://registry.npmjs.org/react-shallow-renderer 220ms (cache hit)
npm http fetch GET 200 https://registry.npmjs.org/regenerator-runtime 222ms (cache hit)
npm http fetch GET 200 https://registry.npmjs.org/metro-source-map 225ms (cache hit)
npm http fetch GET 200 https://registry.npmjs.org/react-devtools-core 227ms (cache hit)
npm http fetch GET 200 https://registry.npmjs.org/mkdirp 234ms (cache hit)
npm http fetch GET 200 https://registry.npmjs.org/event-target-shim 231ms (cache hit)
npm http fetch GET 200 https://registry.npmjs.org/@react-native%2fassets-registry 229ms (cache hit)
npm http fetch GET 200 https://registry.npmjs.org/@react-native%2fjs-polyfills 235ms (cache hit)
npm http fetch GET 200 https://registry.npmjs.org/@jest%2fcreate-cache-key-function 238ms (cache hit)
npm http fetch GET 200 https://registry.npmjs.org/@react-native-community%2fcli 242ms (cache hit)
npm http fetch GET 200 https://registry.npmjs.org/@react-native%2fcommunity-cli-plugin 247ms (cache hit)
npm http fetch GET 200 https://registry.npmjs.org/scheduler 266ms (cache hit)
npm http fetch GET 200 https://registry.npmjs.org/warn-once 264ms (cache hit)
npm http fetch GET 200 https://registry.npmjs.org/@react-native%2fvirtualized-lists 279ms (cache hit)
npm http fetch GET 200 https://registry.npmjs.org/@react-native-community%2fcli-platform-ios 284ms (cache hit)
npm http fetch GET 200 https://registry.npmjs.org/@react-native%2fgradle-plugin 289ms (cache hit)
npm http fetch GET 200 https://registry.npmjs.org/@react-native%2fnormalize-colors 294ms (cache hit)
npm http fetch GET 200 https://registry.npmjs.org/deprecated-react-native-prop-types 296ms (cache hit)
npm http fetch GET 200 https://registry.npmjs.org/@react-native-community%2fcli-platform-android 296ms (cache hit)
npm http fetch GET 200 https://registry.npmjs.org/loose-envify 298ms (cache hit)
npm http fetch GET 200 https://registry.npmjs.org/color 291ms (cache hit)
npm http fetch GET 200 https://registry.npmjs.org/react-refresh 312ms (cache hit)
npm http fetch GET 200 https://registry.npmjs.org/jest-environment-node 341ms (cache hit)
npm http fetch GET 200 https://registry.npmjs.org/fast-deep-equal 331ms (cache hit)
npm http fetch GET 200 https://registry.npmjs.org/nanoid 332ms (cache hit)
npm http fetch GET 200 https://registry.npmjs.org/@react-navigation%2felements 335ms (cache hit)
npm http fetch GET 200 https://registry.npmjs.org/escape-string-regexp 336ms (cache hit)
npm http fetch GET 200 https://registry.npmjs.org/csstype 332ms (cache hit)
npm http fetch GET 200 https://registry.npmjs.org/expo-font 329ms (cache hit)
npm http fetch GET 200 https://registry.npmjs.org/expo-asset 331ms (cache hit)
npm http fetch GET 200 https://registry.npmjs.org/@react-navigation%2fcore 344ms (cache hit)
npm http fetch GET 200 https://registry.npmjs.org/@expo%2fconfig 339ms (cache hit)
npm http fetch GET 200 https://registry.npmjs.org/@react-native%2fcodegen 368ms (cache hit)
npm http fetch GET 200 https://registry.npmjs.org/@babel%2fruntime 352ms (cache hit)
npm http fetch GET 200 https://registry.npmjs.org/@types%2fprop-types 358ms (cache hit)
npm http fetch GET 200 https://registry.npmjs.org/@expo%2fcli 358ms (cache hit)
npm http fetch GET 200 https://registry.npmjs.org/expo-file-system 374ms (cache hit)
npm http fetch GET 200 https://registry.npmjs.org/expo-constants 378ms (cache hit)
npm http fetch GET 200 https://registry.npmjs.org/babel-preset-expo 380ms (cache hit)
npm http fetch GET 200 https://registry.npmjs.org/react-native-edge-to-edge 380ms (cache hit)
npm http fetch GET 200 https://registry.npmjs.org/pretty-format 392ms (cache hit)
npm http fetch GET 200 https://registry.npmjs.org/@expo%2ffingerprint 393ms (cache hit)
npm http fetch GET 200 https://registry.npmjs.org/expo-keep-awake 396ms (cache hit)
npm http fetch GET 200 https://registry.npmjs.org/uuid 392ms (cache hit)
npm http fetch GET 200 https://registry.npmjs.org/expo-modules-core 397ms (cache hit)
npm http fetch GET 200 https://registry.npmjs.org/@expo%2fconfig-plugins 398ms (cache hit)
npm http fetch GET 200 https://registry.npmjs.org/whatwg-url-without-unicode 399ms (cache hit)
npm http fetch GET 200 https://registry.npmjs.org/@expo%2fmetro-config 403ms (cache hit)
npm http fetch GET 200 https://registry.npmjs.org/assert 402ms (cache hit)
npm http fetch GET 200 https://registry.npmjs.org/badgin 402ms (cache hit)
npm http fetch GET 200 https://registry.npmjs.org/scheduler 421ms (cache hit)
npm http fetch GET 200 https://registry.npmjs.org/@ide%2fbackoff 427ms (cache hit)
npm http fetch GET 200 https://registry.npmjs.org/expo-modules-autolinking 430ms (cache hit)
npm http fetch GET 200 https://registry.npmjs.org/@expo%2fimage-utils 428ms (cache hit)
npm http fetch GET 200 https://registry.npmjs.org/expo-constants 432ms (cache hit)
npm http fetch GET 200 https://registry.npmjs.org/fs-extra 434ms (cache hit)
npm http fetch GET 200 https://registry.npmjs.org/expo-application 435ms (cache hit)
npm http fetch GET 200 https://registry.npmjs.org/color 432ms (cache hit)
npm http fetch GET 200 https://registry.npmjs.org/react-is 456ms (cache hit)
npm http fetch GET 200 https://registry.npmjs.org/@jest%2fcore 462ms (cache hit)
npm http fetch GET 200 https://registry.npmjs.org/@jest%2ftypes 466ms (cache hit)
npm http fetch GET 200 https://registry.npmjs.org/hamt_plus 463ms (cache hit)
npm http fetch GET 200 https://registry.npmjs.org/import-local 468ms (cache hit)
npm http fetch GET 200 https://registry.npmjs.org/@callstack%2freact-theme-provider 467ms (cache hit)
npm http fetch GET 200 https://registry.npmjs.org/jest-cli 472ms (cache hit)
npm http fetch GET 200 https://registry.npmjs.org/use-latest-callback 475ms (cache hit)
npm http fetch GET 200 https://registry.npmjs.org/react-freeze 508ms (cache miss)
npm http fetch GET 200 https://registry.npmjs.org/react-native-is-edge-to-edge 508ms (cache miss)
npm http fetch GET 200 https://registry.npmjs.org/@jridgewell%2fgen-mapping 32ms (cache hit)
npm http fetch GET 200 https://registry.npmjs.org/picocolors 31ms (cache hit)
npm http fetch GET 200 https://registry.npmjs.org/@babel%2fhelper-validator-identifier 32ms (cache hit)
npm http fetch GET 200 https://registry.npmjs.org/@jridgewell%2ftrace-mapping 33ms (cache hit)
npm http fetch GET 200 https://registry.npmjs.org/js-tokens 34ms (cache hit)
npm http fetch GET 200 https://registry.npmjs.org/@jridgewell%2fgen-mapping 33ms (cache hit)
npm http fetch GET 200 https://registry.npmjs.org/@babel%2fhelper-validator-option 32ms (cache hit)
npm http fetch GET 200 https://registry.npmjs.org/lru-cache 34ms (cache hit)
npm http fetch GET 200 https://registry.npmjs.org/@jridgewell%2ftrace-mapping 37ms (cache hit)
npm http fetch GET 200 https://registry.npmjs.org/@babel%2fcompat-data 36ms (cache hit)
npm http fetch GET 200 https://registry.npmjs.org/@babel%2fhelper-globals 31ms (cache hit)
npm http fetch GET 200 https://registry.npmjs.org/@babel%2fhelper-module-imports 36ms (cache hit)
npm http fetch GET 200 https://registry.npmjs.org/@babel%2fhelper-string-parser 32ms (cache hit)
npm http fetch GET 200 https://registry.npmjs.org/browserslist 40ms (cache hit)
npm http fetch GET 200 https://registry.npmjs.org/ms 34ms (cache hit)
npm http fetch GET 200 https://registry.npmjs.org/jsesc 45ms (cache hit)
npm http fetch GET 200 https://registry.npmjs.org/@jridgewell%2fresolve-uri 7ms (cache hit)
npm http fetch GET 200 https://registry.npmjs.org/@jridgewell%2fsourcemap-codec 7ms (cache hit)
npm http fetch GET 200 https://registry.npmjs.org/@jridgewell%2fsourcemap-codec 9ms (cache hit)
npm http fetch GET 200 https://registry.npmjs.org/caniuse-lite 11ms (cache hit)
npm http fetch GET 200 https://registry.npmjs.org/node-releases 18ms (cache hit)
npm http fetch GET 200 https://registry.npmjs.org/electron-to-chromium 24ms (cache hit)
npm http fetch GET 200 https://registry.npmjs.org/update-browserslist-db 37ms (cache hit)
npm http fetch GET 200 https://registry.npmjs.org/yallist 37ms (cache hit)
npm http fetch GET 200 https://registry.npmjs.org/is-plain-obj 3ms (cache hit)
npm http fetch GET 200 https://registry.npmjs.org/color-convert 8ms (cache hit)
npm http fetch GET 200 https://registry.npmjs.org/color-string 9ms (cache hit)
npm http fetch GET 200 https://registry.npmjs.org/@react-navigation%2frouters 13ms (cache hit)
npm http fetch GET 200 https://registry.npmjs.org/query-string 16ms (cache hit)
npm http fetch GET 200 https://registry.npmjs.org/strict-uri-encode 10ms (cache hit)
npm http fetch GET 200 https://registry.npmjs.org/filter-obj 12ms (cache hit)
npm http fetch GET 200 https://registry.npmjs.org/decode-uri-component 11ms (cache hit)
npm http fetch GET 200 https://registry.npmjs.org/split-on-first 13ms (cache hit)
npm http fetch GET 200 https://registry.npmjs.org/ansi-styles 11ms (cache hit)
npm http fetch GET 200 https://registry.npmjs.org/@jest%2fschemas 12ms (cache hit)
npm http fetch GET 200 https://registry.npmjs.org/escalade 3ms (cache hit)
npm http fetch GET 200 https://registry.npmjs.org/color-name 5ms (cache hit)
npm http fetch GET 200 https://registry.npmjs.org/simple-swizzle 5ms (cache hit)
npm http fetch GET 200 https://registry.npmjs.org/color-name 6ms (cache hit)
npm http fetch GET 200 https://registry.npmjs.org/is-arrayish 5ms (cache hit)
npm http fetch GET 200 https://registry.npmjs.org/babel-plugin-react-compiler 67ms (cache miss)
npm http fetch GET 200 https://registry.npmjs.org/arg 157ms (cache hit)
npm http fetch GET 200 https://registry.npmjs.org/glob 157ms (cache hit)
npm http fetch GET 200 https://registry.npmjs.org/getenv 159ms (cache hit)
npm http fetch GET 200 https://registry.npmjs.org/ci-info 158ms (cache hit)
npm http fetch GET 200 https://registry.npmjs.org/tar 161ms (cache hit)
npm http fetch GET 200 https://registry.npmjs.org/ora 163ms (cache hit)
npm http fetch GET 200 https://registry.npmjs.org/accepts 163ms (cache hit)
npm http fetch GET 200 https://registry.npmjs.org/prompts 162ms (cache hit)
npm http fetch GET 200 https://registry.npmjs.org/undici 165ms (cache hit)
npm http fetch GET 200 https://registry.npmjs.org/send 170ms (cache hit)
npm http fetch GET 200 https://registry.npmjs.org/slugify 169ms (cache hit)
npm http fetch GET 200 https://registry.npmjs.org/resolve 170ms (cache hit)
npm http fetch GET 200 https://registry.npmjs.org/progress 171ms (cache hit)
npm http fetch GET 200 https://registry.npmjs.org/picomatch 170ms (cache hit)
npm http fetch GET 200 https://registry.npmjs.org/requireg 172ms (cache hit)
npm http fetch GET 200 https://registry.npmjs.org/wrap-ansi 172ms (cache hit)
npm http fetch GET 200 https://registry.npmjs.org/better-opn 171ms (cache hit)
npm http fetch GET 200 https://registry.npmjs.org/@expo%2fenv 174ms (cache hit)
npm http fetch GET 200 https://registry.npmjs.org/connect 177ms (cache hit)
npm http fetch GET 200 https://registry.npmjs.org/node-forge 175ms (cache hit)
npm http fetch GET 200 https://registry.npmjs.org/compression 176ms (cache hit)
npm http fetch GET 200 https://registry.npmjs.org/env-editor 178ms (cache hit)
npm http fetch GET 200 https://registry.npmjs.org/lan-network 177ms (cache hit)
npm http fetch GET 200 https://registry.npmjs.org/minimatch 181ms (cache hit)
npm http fetch GET 200 https://registry.npmjs.org/resolve-from 179ms (cache hit)
npm http fetch GET 200 https://registry.npmjs.org/@expo%2fplist 181ms (cache hit)
npm http fetch GET 200 https://registry.npmjs.org/@expo%2fdevcert 180ms (cache hit)
npm http fetch GET 200 https://registry.npmjs.org/terminal-link 181ms (cache hit)
npm http fetch GET 200 https://registry.npmjs.org/@urql%2fcore 185ms (cache hit)
npm http fetch GET 200 https://registry.npmjs.org/pretty-bytes 185ms (cache hit)
npm http fetch GET 200 https://registry.npmjs.org/@expo%2fspawn-async 182ms (cache hit)
npm http fetch GET 200 https://registry.npmjs.org/@expo%2fxcpretty 185ms (cache hit)
npm http fetch GET 200 https://registry.npmjs.org/bplist-creator 185ms (cache hit)
npm http fetch GET 200 https://registry.npmjs.org/@expo%2fws-tunnel 184ms (cache hit)
npm http fetch GET 200 https://registry.npmjs.org/structured-headers 183ms (cache hit)
npm http fetch GET 200 https://registry.npmjs.org/bplist-parser 187ms (cache hit)
npm http fetch GET 200 https://registry.npmjs.org/freeport-async 187ms (cache hit)
npm http fetch GET 200 https://registry.npmjs.org/qrcode-terminal 186ms (cache hit)
npm http fetch GET 200 https://registry.npmjs.org/@expo%2fjson-file 188ms (cache hit)
npm http fetch GET 200 https://registry.npmjs.org/npm-package-arg 189ms (cache hit)
npm http fetch GET 200 https://registry.npmjs.org/@expo%2fosascript 191ms (cache hit)
npm http fetch GET 200 https://registry.npmjs.org/require-from-string 188ms (cache hit)
npm http fetch GET 200 https://registry.npmjs.org/@0no-co%2fgraphql.web 190ms (cache hit)
npm http fetch GET 200 https://registry.npmjs.org/@urql%2fexchange-retry 190ms (cache hit)
npm http fetch GET 200 https://registry.npmjs.org/source-map-support 192ms (cache hit)
npm http fetch GET 200 https://registry.npmjs.org/resolve.exports 194ms (cache hit)
npm http fetch GET 200 https://registry.npmjs.org/@expo%2fconfig-types 189ms (cache hit)
npm http fetch GET 200 https://registry.npmjs.org/@react-native%2fdev-middleware 195ms (cache hit)
npm http fetch GET 200 https://registry.npmjs.org/@expo%2fcode-signing-certificates 200ms (cache hit)
npm http fetch GET 200 https://registry.npmjs.org/slash 196ms (cache hit)
npm http fetch GET 200 https://registry.npmjs.org/@expo%2fprebuild-config 202ms (cache hit)
npm http fetch GET 200 https://registry.npmjs.org/@expo%2fpackage-manager 205ms (cache hit)
npm http fetch GET 200 https://registry.npmjs.org/sucrase 204ms (cache hit)
npm http fetch GET 200 https://registry.npmjs.org/deepmerge 206ms (cache hit)
npm http fetch GET 200 https://registry.npmjs.org/xml2js 204ms (cache hit)
npm http fetch GET 200 https://registry.npmjs.org/@expo%2fsdk-runtime-versions 204ms (cache hit)
npm http fetch GET 200 https://registry.npmjs.org/ignore 202ms (cache hit)
npm http fetch GET 200 https://registry.npmjs.org/p-limit 204ms (cache hit)
npm http fetch GET 200 https://registry.npmjs.org/resolve-workspace-root 209ms (cache hit)
npm http fetch GET 200 https://registry.npmjs.org/@expo%2fjson-file 207ms (cache hit)
npm http fetch GET 200 https://registry.npmjs.org/xcode 213ms (cache hit)
npm http fetch GET 200 https://registry.npmjs.org/dotenv-expand 220ms (cache hit)
npm http fetch GET 200 https://registry.npmjs.org/find-up 225ms (cache hit)
npm http fetch GET 200 https://registry.npmjs.org/dotenv 224ms (cache hit)
npm http fetch GET 200 https://registry.npmjs.org/jsc-safe-url 224ms (cache hit)
npm http fetch GET 200 https://registry.npmjs.org/slugify 230ms (cache hit)
npm http fetch GET 200 https://registry.npmjs.org/postcss 227ms (cache hit)
npm http fetch GET 200 https://registry.npmjs.org/fontfaceobserver 223ms (cache hit)
npm http fetch GET 200 https://registry.npmjs.org/lightningcss 231ms (cache hit)
npm http fetch GET 200 https://registry.npmjs.org/@babel%2fpreset-react 224ms (cache hit)
npm http fetch GET 200 https://registry.npmjs.org/babel-plugin-react-native-web 224ms (cache hit)
npm http fetch GET 200 https://registry.npmjs.org/babel-plugin-transform-flow-enums 225ms (cache hit)
npm http fetch GET 200 https://registry.npmjs.org/@babel%2fplugin-transform-runtime 227ms (cache hit)
npm http fetch GET 200 https://registry.npmjs.org/@babel%2fpreset-typescript 230ms (cache hit)
npm http fetch GET 200 https://registry.npmjs.org/@babel%2fplugin-transform-parameters 229ms (cache hit)
npm http fetch GET 200 https://registry.npmjs.org/@babel%2fplugin-transform-flow-strip-types 230ms (cache hit)
npm http fetch GET 200 https://registry.npmjs.org/@babel%2fplugin-syntax-export-default-from 231ms (cache hit)
npm http fetch GET 200 https://registry.npmjs.org/babel-plugin-syntax-hermes-parser 233ms (cache hit)
npm http fetch GET 200 https://registry.npmjs.org/@babel%2fplugin-transform-private-methods 234ms (cache hit)
npm http fetch GET 200 https://registry.npmjs.org/@babel%2fplugin-transform-object-rest-spread 232ms (cache hit)
npm http fetch GET 200 https://registry.npmjs.org/@babel%2fplugin-transform-modules-commonjs 234ms (cache hit)
npm http fetch GET 200 https://registry.npmjs.org/@babel%2fplugin-proposal-export-default-from 236ms (cache hit)
npm http fetch GET 200 https://registry.npmjs.org/commander 223ms (cache hit)
npm http fetch GET 200 https://registry.npmjs.org/@react-native%2fbabel-preset 246ms (cache hit)
npm http fetch GET 200 https://registry.npmjs.org/buffer 239ms (cache hit)
npm http fetch GET 200 https://registry.npmjs.org/@babel%2fplugin-proposal-decorators 260ms (cache hit)
npm http fetch GET 200 https://registry.npmjs.org/webidl-conversions 248ms (cache hit)
npm http fetch GET 200 https://registry.npmjs.org/@babel%2fplugin-transform-export-namespace-from 264ms (cache hit)
npm http fetch GET 200 https://registry.npmjs.org/punycode 249ms (cache hit)
npm http fetch GET 200 https://registry.npmjs.org/@babel%2fplugin-transform-private-property-in-object 266ms (cache hit)
npm http fetch GET 200 https://registry.npmjs.org/bufferutil 38ms (cache miss)
npm http fetch GET 200 https://registry.npmjs.org/utf-8-validate 41ms (cache miss)
npm http fetch GET 200 https://registry.npmjs.org/graphql 67ms (cache miss)
npm http fetch GET 200 https://registry.npmjs.org/parse-png 133ms (cache hit)
npm http fetch GET 200 https://registry.npmjs.org/@expo%2fsudo-prompt 136ms (cache hit)
npm http fetch GET 200 https://registry.npmjs.org/exec-async 131ms (cache hit)
npm http fetch GET 200 https://registry.npmjs.org/unique-string 134ms (cache hit)
npm http fetch GET 200 https://registry.npmjs.org/jimp-compact 134ms (cache hit)
npm http fetch GET 200 https://registry.npmjs.org/temp-dir 136ms (cache hit)
npm http fetch GET 200 https://registry.npmjs.org/@xmldom%2fxmldom 131ms (cache hit)
npm http fetch GET 200 https://registry.npmjs.org/cross-spawn 129ms (cache hit)
npm http fetch GET 200 https://registry.npmjs.org/xmlbuilder 133ms (cache hit)
npm http fetch GET 200 https://registry.npmjs.org/serve-static 128ms (cache hit)
npm http fetch GET 200 https://registry.npmjs.org/chrome-launcher 129ms (cache hit)
npm http fetch GET 200 https://registry.npmjs.org/negotiator 127ms (cache hit)
npm http fetch GET 200 https://registry.npmjs.org/js-yaml 133ms (cache hit)
npm http fetch GET 200 https://registry.npmjs.org/open 133ms (cache hit)
npm http fetch GET 200 https://registry.npmjs.org/chromium-edge-launcher 132ms (cache hit)
npm http fetch GET 200 https://registry.npmjs.org/mime-types 130ms (cache hit)
npm http fetch GET 200 https://registry.npmjs.org/@isaacs%2fttlcache 134ms (cache hit)
npm http fetch GET 200 https://registry.npmjs.org/supports-color 126ms (cache hit)
npm http fetch GET 200 https://registry.npmjs.org/big-integer 129ms (cache hit)
npm http fetch GET 200 https://registry.npmjs.org/open 133ms (cache hit)
npm http fetch GET 200 https://registry.npmjs.org/wonka 137ms (cache hit)
npm http fetch GET 200 https://registry.npmjs.org/stream-buffers 135ms (cache hit)
npm http fetch GET 200 https://registry.npmjs.org/vary 129ms (cache hit)
npm http fetch GET 200 https://registry.npmjs.org/compressible 132ms (cache hit)
npm http fetch GET 200 https://registry.npmjs.org/bytes 134ms (cache hit)
npm http fetch GET 200 https://registry.npmjs.org/on-headers 133ms (cache hit)
npm http fetch GET 200 https://registry.npmjs.org/parseurl 132ms (cache hit)
npm http fetch GET 200 https://registry.npmjs.org/finalhandler 132ms (cache hit)
npm http fetch GET 200 https://registry.npmjs.org/safe-buffer 135ms (cache hit)
npm http fetch GET 200 https://registry.npmjs.org/negotiator 135ms (cache hit)
npm http fetch GET 200 https://registry.npmjs.org/utils-merge 134ms (cache hit)
npm http fetch GET 200 https://registry.npmjs.org/minipass 128ms (cache hit)
npm http fetch GET 200 https://registry.npmjs.org/foreground-child 128ms (cache hit)
npm http fetch GET 200 https://registry.npmjs.org/package-json-from-dist 129ms (cache hit)
npm http fetch GET 200 https://registry.npmjs.org/path-scurry 129ms (cache hit)
npm http fetch GET 200 https://registry.npmjs.org/cli-cursor 125ms (cache hit)
npm http fetch GET 200 https://registry.npmjs.org/jackspeak 132ms (cache hit)
npm http fetch GET 200 https://registry.npmjs.org/@react-native%2fdebugger-frontend 152ms (cache hit)
npm http fetch GET 200 https://registry.npmjs.org/hosted-git-info 132ms (cache hit)
npm http fetch GET 200 https://registry.npmjs.org/proc-log 134ms (cache hit)
npm http fetch GET 200 https://registry.npmjs.org/validate-npm-package-name 134ms (cache hit)
npm http fetch GET 200 https://registry.npmjs.org/nested-error-stacks 129ms (cache hit)
npm http fetch GET 200 https://registry.npmjs.org/log-symbols 134ms (cache hit)
npm http fetch GET 200 https://registry.npmjs.org/wcwidth 135ms (cache hit)
npm http fetch GET 200 https://registry.npmjs.org/strip-ansi 135ms (cache hit)
npm http fetch GET 200 https://registry.npmjs.org/brace-expansion 139ms (cache hit)
npm http fetch GET 200 https://registry.npmjs.org/is-core-module 129ms (cache hit)
npm http fetch GET 200 https://registry.npmjs.org/sisteransi 134ms (cache hit)
npm http fetch GET 200 https://registry.npmjs.org/etag 127ms (cache hit)
npm http fetch GET 200 https://registry.npmjs.org/cli-spinners 137ms (cache hit)
npm http fetch GET 200 https://registry.npmjs.org/kleur 136ms (cache hit)
npm http fetch GET 200 https://registry.npmjs.org/path-parse 132ms (cache hit)
npm http fetch GET 200 https://registry.npmjs.org/supports-preserve-symlinks-flag 133ms (cache hit)
npm http fetch GET 200 https://registry.npmjs.org/fresh 129ms (cache hit)
npm http fetch GET 200 https://registry.npmjs.org/mime 129ms (cache hit)
npm http fetch GET 200 https://registry.npmjs.org/rc 136ms (cache hit)
npm http fetch GET 200 https://registry.npmjs.org/statuses 131ms (cache hit)
npm http fetch GET 200 https://registry.npmjs.org/escape-html 130ms (cache hit)
npm http fetch GET 200 https://registry.npmjs.org/on-finished 131ms (cache hit)
npm http fetch GET 200 https://registry.npmjs.org/encodeurl 131ms (cache hit)
npm http fetch GET 200 https://registry.npmjs.org/destroy 132ms (cache hit)
npm http fetch GET 200 https://registry.npmjs.org/depd 134ms (cache hit)
npm http fetch GET 200 https://registry.npmjs.org/@isaacs%2ffs-minipass 128ms (cache hit)
npm http fetch GET 200 https://registry.npmjs.org/http-errors 133ms (cache hit)
npm http fetch GET 200 https://registry.npmjs.org/range-parser 132ms (cache hit)
npm http fetch GET 200 https://registry.npmjs.org/minizlib 129ms (cache hit)
npm http fetch GET 200 https://registry.npmjs.org/buffer-from 132ms (cache hit)
npm http fetch GET 200 https://registry.npmjs.org/chownr 131ms (cache hit)
npm http fetch GET 200 https://registry.npmjs.org/type-fest 133ms (cache hit)
npm http fetch GET 200 https://registry.npmjs.org/ansi-escapes 132ms (cache hit)
npm http fetch GET 200 https://registry.npmjs.org/source-map 136ms (cache hit)
npm http fetch GET 200 https://registry.npmjs.org/supports-hyperlinks 133ms (cache hit)
npm http fetch GET 200 https://registry.npmjs.org/strip-ansi 133ms (cache hit)
npm http fetch GET 200 https://registry.npmjs.org/string-width 134ms (cache hit)
npm http fetch GET 200 https://registry.npmjs.org/lines-and-columns 9ms (cache hit)
npm http fetch GET 200 https://registry.npmjs.org/mz 10ms (cache hit)
npm http fetch GET 200 https://registry.npmjs.org/@babel%2fhighlight 15ms (cache hit)
npm http fetch GET 200 https://registry.npmjs.org/pirates 11ms (cache hit)
npm http fetch GET 200 https://registry.npmjs.org/ts-interface-checker 12ms (cache hit)
npm http fetch GET 200 https://registry.npmjs.org/sax 8ms (cache hit)
npm http fetch GET 200 https://registry.npmjs.org/simple-plist 9ms (cache hit)
npm http fetch GET 200 https://registry.npmjs.org/path-exists 6ms (cache hit)
npm http fetch GET 200 https://registry.npmjs.org/yocto-queue 6ms (cache hit)
npm http fetch GET 200 https://registry.npmjs.org/locate-path 8ms (cache hit)
npm http fetch GET 200 https://registry.npmjs.org/crypto-random-string 4ms (cache hit)
npm http fetch GET 200 https://registry.npmjs.org/pngjs 6ms (cache hit)
npm http fetch GET 200 https://registry.npmjs.org/lightningcss-freebsd-x64 14ms (cache hit)
npm http fetch GET 200 https://registry.npmjs.org/lightningcss-darwin-arm64 15ms (cache hit)
npm http fetch GET 200 https://registry.npmjs.org/lightningcss-darwin-x64 15ms (cache hit)
npm http fetch GET 200 https://registry.npmjs.org/detect-libc 16ms (cache hit)
npm http fetch GET 200 https://registry.npmjs.org/lightningcss-linux-x64-gnu 17ms (cache hit)
npm http fetch GET 200 https://registry.npmjs.org/lightningcss-win32-x64-msvc 16ms (cache hit)
npm http fetch GET 200 https://registry.npmjs.org/lightningcss-linux-arm64-musl 17ms (cache hit)
npm http fetch GET 200 https://registry.npmjs.org/lightningcss-linux-x64-musl 18ms (cache hit)
npm http fetch GET 200 https://registry.npmjs.org/lightningcss-linux-arm-gnueabihf 18ms (cache hit)
npm http fetch GET 200 https://registry.npmjs.org/lightningcss-linux-arm64-gnu 19ms (cache hit)
npm http fetch GET 200 https://registry.npmjs.org/source-map-js 18ms (cache hit)
npm http fetch GET 200 https://registry.npmjs.org/lightningcss-win32-arm64-msvc 20ms (cache hit)
npm http fetch GET 200 https://registry.npmjs.org/path-key 7ms (cache hit)
npm http fetch GET 200 https://registry.npmjs.org/shebang-command 7ms (cache hit)
npm http fetch GET 200 https://registry.npmjs.org/which 8ms (cache hit)
npm http fetch GET 200 https://registry.npmjs.org/argparse 3ms (cache hit)
npm http fetch GET 200 https://registry.npmjs.org/rimraf 13ms (cache hit)
npm http fetch GET 200 https://registry.npmjs.org/is-wsl 15ms (cache hit)
npm http fetch GET 200 https://registry.npmjs.org/@types%2fnode 20ms (cache hit)
npm http fetch GET 200 https://registry.npmjs.org/lighthouse-logger 31ms (cache hit)
npm http fetch GET 200 https://registry.npmjs.org/is-docker 28ms (cache hit)
npm http fetch GET 200 https://registry.npmjs.org/is-wsl 29ms (cache hit)
npm http fetch GET 200 https://registry.npmjs.org/async-limiter 27ms (cache hit)
npm http fetch GET 200 https://registry.npmjs.org/mime-db 4ms (cache hit)
npm http fetch GET 200 https://registry.npmjs.org/@babel%2fplugin-syntax-flow 76ms (cache hit)
npm http fetch GET 200 https://registry.npmjs.org/@babel%2fhelper-plugin-utils 82ms (cache hit)
npm http fetch GET 200 https://registry.npmjs.org/babel-plugin-polyfill-corejs3 71ms (cache hit)
npm http fetch GET 200 https://registry.npmjs.org/babel-plugin-polyfill-corejs2 72ms (cache hit)
npm http fetch GET 200 https://registry.npmjs.org/@babel%2fhelper-create-class-features-plugin 85ms (cache hit)
npm http fetch GET 200 https://registry.npmjs.org/@babel%2fplugin-transform-react-pure-annotations 71ms (cache hit)
npm http fetch GET 200 https://registry.npmjs.org/babel-plugin-polyfill-regenerator 74ms (cache hit)
npm http fetch GET 200 https://registry.npmjs.org/@babel%2fplugin-syntax-decorators 88ms (cache hit)
npm http fetch GET 200 https://registry.npmjs.org/@babel%2fhelper-annotate-as-pure 79ms (cache hit)
npm http fetch GET 200 https://registry.npmjs.org/@babel%2fplugin-transform-react-jsx-development 76ms (cache hit)
npm http fetch GET 200 https://registry.npmjs.org/@babel%2fplugin-transform-typescript 75ms (cache hit)
npm http fetch GET 200 https://registry.npmjs.org/@babel%2fplugin-transform-react-jsx 79ms (cache hit)
npm http fetch GET 200 https://registry.npmjs.org/@babel%2fplugin-transform-react-display-name 81ms (cache hit)
npm http fetch GET 200 https://registry.npmjs.org/@babel%2fplugin-transform-destructuring 89ms (cache hit)
npm http fetch GET 200 https://registry.npmjs.org/@babel%2fplugin-transform-react-jsx 79ms (cache hit)
npm http fetch GET 200 https://registry.npmjs.org/@babel%2fplugin-transform-typescript 80ms (cache hit)
npm http fetch GET 200 https://registry.npmjs.org/@babel%2fplugin-transform-classes 83ms (cache hit)
npm http fetch GET 200 https://registry.npmjs.org/@babel%2fplugin-transform-destructuring 80ms (cache hit)
npm http fetch GET 200 https://registry.npmjs.org/@babel%2fplugin-syntax-dynamic-import 84ms (cache hit)
npm http fetch GET 200 https://registry.npmjs.org/@babel%2fplugin-transform-literals 87ms (cache hit)
npm http fetch GET 200 https://registry.npmjs.org/@babel%2fplugin-transform-for-of 88ms (cache hit)
npm http fetch GET 200 https://registry.npmjs.org/@babel%2fplugin-transform-regenerator 88ms (cache hit)
npm http fetch GET 200 https://registry.npmjs.org/@babel%2fplugin-transform-spread 91ms (cache hit)
npm http fetch GET 200 https://registry.npmjs.org/@babel%2fplugin-transform-sticky-regex 90ms (cache hit)
npm http fetch GET 200 https://registry.npmjs.org/@babel%2fplugin-syntax-jsx 95ms (cache hit)
npm http fetch GET 200 https://registry.npmjs.org/@babel%2fplugin-transform-function-name 88ms (cache hit)
npm http fetch GET 200 https://registry.npmjs.org/@babel%2fplugin-transform-react-jsx-self 90ms (cache hit)
npm http fetch GET 200 https://registry.npmjs.org/@babel%2fplugin-syntax-optional-chaining 91ms (cache hit)
npm http fetch GET 200 https://registry.npmjs.org/@babel%2fplugin-transform-unicode-regex 91ms (cache hit)
npm http fetch GET 200 https://registry.npmjs.org/@babel%2fplugin-transform-shorthand-properties 90ms (cache hit)
npm http fetch GET 200 https://registry.npmjs.org/@babel%2fplugin-transform-arrow-functions 94ms (cache hit)
npm http fetch GET 200 https://registry.npmjs.org/@babel%2fplugin-transform-react-jsx-source 94ms (cache hit)
npm http fetch GET 200 https://registry.npmjs.org/@babel%2fplugin-transform-numeric-separator 95ms (cache hit)
npm http fetch GET 200 https://registry.npmjs.org/@babel%2fplugin-transform-optional-chaining 95ms (cache hit)
npm http fetch GET 200 https://registry.npmjs.org/@babel%2fplugin-transform-react-display-name 95ms (cache hit)
npm http fetch GET 200 https://registry.npmjs.org/@babel%2fplugin-transform-block-scoping 102ms (cache hit)
npm http fetch GET 200 https://registry.npmjs.org/@babel%2fplugin-transform-optional-catch-binding 98ms (cache hit)
npm http fetch GET 200 https://registry.npmjs.org/@babel%2fplugin-transform-computed-properties 98ms (cache hit)
npm http fetch GET 200 https://registry.npmjs.org/@babel%2fplugin-transform-async-to-generator 100ms (cache hit)
npm http fetch GET 200 https://registry.npmjs.org/@react-native%2fbabel-plugin-codegen 109ms (cache hit)
npm http fetch GET 200 https://registry.npmjs.org/@babel%2fplugin-transform-class-properties 107ms (cache hit)
npm http fetch GET 200 https://registry.npmjs.org/@babel%2fplugin-transform-logical-assignment-operators 106ms (cache hit)
npm http fetch GET 200 https://registry.npmjs.org/@babel%2fplugin-syntax-nullish-coalescing-operator 106ms (cache hit)
npm http fetch GET 200 https://registry.npmjs.org/hermes-parser 105ms (cache hit)
npm http fetch GET 200 https://registry.npmjs.org/@babel%2fplugin-transform-named-capturing-groups-regex 108ms (cache hit)
npm http fetch GET 200 https://registry.npmjs.org/@babel%2fplugin-transform-nullish-coalescing-operator 109ms (cache hit)
npm http fetch GET 200 https://registry.npmjs.org/@babel%2fplugin-transform-async-generator-functions 109ms (cache hit)
npm http fetch GET 200 https://registry.npmjs.org/@babel%2fplugin-syntax-flow 107ms (cache hit)
npm http fetch GET 200 https://registry.npmjs.org/@babel%2fhelper-member-expression-to-functions 11ms (cache hit)
npm http fetch GET 200 https://registry.npmjs.org/@babel%2fhelper-replace-supers 13ms (cache hit)
npm http fetch GET 200 https://registry.npmjs.org/@babel%2fhelper-skip-transparent-expression-wrappers 13ms (cache hit)
npm http fetch GET 200 https://registry.npmjs.org/@babel%2fhelper-optimise-call-expression 14ms (cache hit)
npm http fetch GET 200 https://registry.npmjs.org/@babel%2fhelper-define-polyfill-provider 8ms (cache hit)
npm http fetch GET 200 https://registry.npmjs.org/core-js-compat 7ms (cache hit)
npm http fetch GET 200 https://registry.npmjs.org/@babel%2fplugin-syntax-typescript 7ms (cache hit)
npm http fetch GET 200 https://registry.npmjs.org/@babel%2fhelper-create-regexp-features-plugin 20ms (cache hit)
npm http fetch GET 200 https://registry.npmjs.org/@babel%2fhelper-remap-async-to-generator 32ms (cache hit)
npm http fetch GET 200 https://registry.npmjs.org/@babel%2fhelper-wrap-function 3ms (cache hit)
npm http fetch GET 200 https://registry.npmjs.org/regexpu-core 5ms (cache hit)
npm http fetch GET 200 https://registry.npmjs.org/regjsparser 7ms (cache hit)
npm http fetch GET 200 https://registry.npmjs.org/regjsgen 8ms (cache hit)
npm http fetch GET 200 https://registry.npmjs.org/regenerate 10ms (cache hit)
npm http fetch GET 200 https://registry.npmjs.org/unicode-match-property-ecmascript 10ms (cache hit)
npm http fetch GET 200 https://registry.npmjs.org/regenerate-unicode-properties 11ms (cache hit)
npm http fetch GET 200 https://registry.npmjs.org/unicode-match-property-value-ecmascript 11ms (cache hit)
npm http fetch GET 200 https://registry.npmjs.org/inherits 15ms (cache hit)
npm http fetch GET 200 https://registry.npmjs.org/fs.realpath 15ms (cache hit)
npm http fetch GET 200 https://registry.npmjs.org/path-is-absolute 15ms (cache hit)
npm http fetch GET 200 https://registry.npmjs.org/inflight 17ms (cache hit)
npm http fetch GET 200 https://registry.npmjs.org/once 17ms (cache hit)
npm http fetch GET 200 https://registry.npmjs.org/y18n 16ms (cache hit)
npm http fetch GET 200 https://registry.npmjs.org/hermes-estree 18ms (cache hit)
npm http fetch GET 200 https://registry.npmjs.org/cliui 17ms (cache hit)
npm http fetch GET 200 https://registry.npmjs.org/require-directory 16ms (cache hit)
npm http fetch GET 200 https://registry.npmjs.org/get-caller-file 17ms (cache hit)
npm http fetch GET 200 https://registry.npmjs.org/yargs-parser 18ms (cache hit)
npm http fetch GET 200 https://registry.npmjs.org/lodash.debounce 3ms (cache hit)
npm http fetch GET 200 https://registry.npmjs.org/define-lazy-prop 3ms (cache hit)
npm http fetch GET 200 https://registry.npmjs.org/has-flag 3ms (cache hit)
npm http fetch GET 200 https://registry.npmjs.org/undici-types 8ms (cache hit)
npm http fetch GET 200 https://registry.npmjs.org/marky 7ms (cache hit)
npm http fetch GET 200 https://registry.npmjs.org/unpipe 6ms (cache hit)
npm http fetch GET 200 https://registry.npmjs.org/isexe 4ms (cache hit)
npm http fetch GET 200 https://registry.npmjs.org/shebang-regex 6ms (cache hit)
npm http fetch GET 200 https://registry.npmjs.org/util 85ms (cache hit)
npm http fetch GET 200 https://registry.npmjs.org/node-fetch 109ms (cache hit)
npm http fetch GET 200 https://registry.npmjs.org/jsonfile 127ms (cache hit)
npm http fetch GET 200 https://registry.npmjs.org/object.assign 132ms (cache hit)
npm http fetch GET 200 https://registry.npmjs.org/is-nan 133ms (cache hit)
npm http fetch GET 200 https://registry.npmjs.org/object-is 136ms (cache hit)
npm http fetch GET 200 https://registry.npmjs.org/tempy 141ms (cache hit)
npm http fetch GET 200 https://registry.npmjs.org/call-bind 138ms (cache hit)
npm http fetch GET 200 https://registry.npmjs.org/graceful-fs 135ms (cache hit)
npm http fetch GET 200 https://registry.npmjs.org/universalify 135ms (cache hit)
npm http fetch GET 200 https://registry.npmjs.org/at-least-node 135ms (cache hit)
npm http fetch GET 200 https://registry.npmjs.org/call-bind-apply-helpers 18ms (cache hit)
npm http fetch GET 200 https://registry.npmjs.org/define-properties 17ms (cache hit)
npm http fetch GET 200 https://registry.npmjs.org/es-define-property 20ms (cache hit)
npm http fetch GET 200 https://registry.npmjs.org/has-symbols 16ms (cache hit)
npm http fetch GET 200 https://registry.npmjs.org/object-keys 17ms (cache hit)
npm http fetch GET 200 https://registry.npmjs.org/define-properties 19ms (cache hit)
npm http fetch GET 200 https://registry.npmjs.org/get-intrinsic 21ms (cache hit)
npm http fetch GET 200 https://registry.npmjs.org/set-function-length 21ms (cache hit)
npm http fetch GET 200 https://registry.npmjs.org/is-arguments 18ms (cache hit)
npm http fetch GET 200 https://registry.npmjs.org/call-bound 21ms (cache hit)
npm http fetch GET 200 https://registry.npmjs.org/es-object-atoms 21ms (cache hit)
npm http fetch GET 200 https://registry.npmjs.org/is-generator-function 20ms (cache hit)
npm http fetch GET 200 https://registry.npmjs.org/which-typed-array 20ms (cache hit)
npm http fetch GET 200 https://registry.npmjs.org/is-typed-array 21ms (cache hit)
npm http fetch GET 200 https://registry.npmjs.org/gopd 10ms (cache hit)
npm http fetch GET 200 https://registry.npmjs.org/function-bind 13ms (cache hit)
npm http fetch GET 200 https://registry.npmjs.org/get-proto 12ms (cache hit)
npm http fetch GET 200 https://registry.npmjs.org/es-errors 14ms (cache hit)
npm http fetch GET 200 https://registry.npmjs.org/math-intrinsics 12ms (cache hit)
npm http fetch GET 200 https://registry.npmjs.org/define-data-property 12ms (cache hit)
npm http fetch GET 200 https://registry.npmjs.org/has-property-descriptors 12ms (cache hit)
npm http fetch GET 200 https://registry.npmjs.org/gopd 13ms (cache hit)
npm http fetch GET 200 https://registry.npmjs.org/hasown 14ms (cache hit)
npm http fetch GET 200 https://registry.npmjs.org/ee-first 4ms (cache hit)
npm http fetch GET 200 https://registry.npmjs.org/p-locate 6ms (cache hit)
npm http fetch GET 200 https://registry.npmjs.org/dunder-proto 6ms (cache hit)
npm http fetch GET 200 https://registry.npmjs.org/@isaacs%2fcliui 7ms (cache hit)
npm http fetch GET 200 https://registry.npmjs.org/signal-exit 9ms (cache hit)
npm http fetch GET 200 https://registry.npmjs.org/@pkgjs%2fparseargs 9ms (cache hit)
npm http fetch GET 200 https://registry.npmjs.org/emoji-regex 10ms (cache hit)
npm http fetch GET 200 https://registry.npmjs.org/eastasianwidth 11ms (cache hit)
npm http fetch GET 200 https://registry.npmjs.org/emoji-regex 11ms (cache hit)
npm http fetch GET 200 https://registry.npmjs.org/is-fullwidth-code-point 11ms (cache hit)
npm http fetch GET 200 https://registry.npmjs.org/micromatch 32ms (cache hit)
npm http fetch GET 200 https://registry.npmjs.org/jest-config 35ms (cache hit)
npm http fetch GET 200 https://registry.npmjs.org/exit 40ms (cache hit)
npm http fetch GET 200 https://registry.npmjs.org/jest-watcher 39ms (cache hit)
npm http fetch GET 200 https://registry.npmjs.org/jest-resolve 42ms (cache hit)
npm http fetch GET 200 https://registry.npmjs.org/jest-snapshot 46ms (cache hit)
npm http fetch GET 200 https://registry.npmjs.org/jest-haste-map 50ms (cache hit)
npm http fetch GET 200 https://registry.npmjs.org/@jest%2ftransform 54ms (cache hit)
npm http fetch GET 200 https://registry.npmjs.org/jest-runtime 58ms (cache hit)
npm http fetch GET 200 https://registry.npmjs.org/jest-regex-util 63ms (cache hit)
npm http fetch GET 200 https://registry.npmjs.org/@jest%2fconsole 65ms (cache hit)
npm http fetch GET 200 https://registry.npmjs.org/jest-util 69ms (cache hit)
npm http fetch GET 200 https://registry.npmjs.org/jest-validate 71ms (cache hit)
npm http fetch GET 200 https://registry.npmjs.org/@jest%2freporters 73ms (cache hit)
npm http fetch GET 200 https://registry.npmjs.org/jest-runner 82ms (cache hit)
npm http fetch GET 200 https://registry.npmjs.org/jest-message-util 83ms (cache hit)
npm http fetch GET 200 https://registry.npmjs.org/@jest%2ftest-result 87ms (cache hit)
npm http fetch GET 200 https://registry.npmjs.org/jest-resolve-dependencies 88ms (cache hit)
npm http fetch GET 200 https://registry.npmjs.org/jest-changed-files 91ms (cache hit)
npm http fetch GET 200 https://registry.npmjs.org/@types%2fyargs 93ms (cache hit)
npm http fetch GET 200 https://registry.npmjs.org/@types%2fistanbul-reports 94ms (cache hit)
npm http fetch GET 200 https://registry.npmjs.org/pkg-dir 94ms (cache hit)
npm http fetch GET 200 https://registry.npmjs.org/@types%2fistanbul-lib-coverage 95ms (cache hit)
npm http fetch GET 200 https://registry.npmjs.org/resolve-cwd 94ms (cache hit)
npm http fetch GET 200 https://registry.npmjs.org/create-jest 93ms (cache hit)
npm http fetch GET 200 https://registry.npmjs.org/ts-node 89ms (cache miss)
npm http fetch GET 200 https://registry.npmjs.org/@swc%2fcore 95ms (cache miss)
npm http fetch GET 200 https://registry.npmjs.org/@swc%2fhelpers 302ms (cache miss)
npm http fetch GET 200 https://registry.npmjs.org/@swc%2fwasm 826ms (cache miss)
npm http fetch GET 200 https://registry.npmjs.org/string-length 78ms (cache hit)
npm http fetch GET 200 https://registry.npmjs.org/v8-to-istanbul 79ms (cache hit)
npm http fetch GET 200 https://registry.npmjs.org/collect-v8-coverage 79ms (cache hit)
npm http fetch GET 200 https://registry.npmjs.org/jest-worker 82ms (cache hit)
npm http fetch GET 200 https://registry.npmjs.org/istanbul-reports 83ms (cache hit)
npm http fetch GET 200 https://registry.npmjs.org/parse-json 74ms (cache hit)
npm http fetch GET 200 https://registry.npmjs.org/@bcoe%2fv8-coverage 85ms (cache hit)
npm http fetch GET 200 https://registry.npmjs.org/istanbul-lib-instrument 85ms (cache hit)
npm http fetch GET 200 https://registry.npmjs.org/istanbul-lib-report 86ms (cache hit)
npm http fetch GET 200 https://registry.npmjs.org/babel-plugin-istanbul 82ms (cache hit)
npm http fetch GET 200 https://registry.npmjs.org/istanbul-lib-source-maps 87ms (cache hit)
npm http fetch GET 200 https://registry.npmjs.org/fast-json-stable-stringify 84ms (cache hit)
npm http fetch GET 200 https://registry.npmjs.org/istanbul-lib-coverage 89ms (cache hit)
npm http fetch GET 200 https://registry.npmjs.org/write-file-atomic 86ms (cache hit)
npm http fetch GET 200 https://registry.npmjs.org/babel-jest 81ms (cache hit)
npm http fetch GET 200 https://registry.npmjs.org/strip-json-comments 86ms (cache hit)
npm http fetch GET 200 https://registry.npmjs.org/execa 91ms (cache hit)
npm http fetch GET 200 https://registry.npmjs.org/jest-get-type 89ms (cache hit)
npm http fetch GET 200 https://registry.npmjs.org/jest-circus 91ms (cache hit)
npm http fetch GET 200 https://registry.npmjs.org/fsevents 92ms (cache hit)
npm http fetch GET 200 https://registry.npmjs.org/@types%2fstack-utils 91ms (cache hit)
npm http fetch GET 200 https://registry.npmjs.org/walker 94ms (cache hit)
npm http fetch GET 200 https://registry.npmjs.org/fb-watchman 94ms (cache hit)
npm http fetch GET 200 https://registry.npmjs.org/stack-utils 92ms (cache hit)
npm http fetch GET 200 https://registry.npmjs.org/@types%2fgraceful-fs 95ms (cache hit)
npm http fetch GET 200 https://registry.npmjs.org/anymatch 96ms (cache hit)
npm http fetch GET 200 https://registry.npmjs.org/jest-pnp-resolver 92ms (cache hit)
npm http fetch GET 200 https://registry.npmjs.org/strip-bom 87ms (cache hit)
npm http fetch GET 200 https://registry.npmjs.org/emittery 91ms (cache hit)
npm http fetch GET 200 https://registry.npmjs.org/@jest%2ftest-sequencer 100ms (cache hit)
npm http fetch GET 200 https://registry.npmjs.org/jest-mock 91ms (cache hit)
npm http fetch GET 200 https://registry.npmjs.org/jest-docblock 96ms (cache hit)
npm http fetch GET 200 https://registry.npmjs.org/cjs-module-lexer 95ms (cache hit)
npm http fetch GET 200 https://registry.npmjs.org/@jest%2ffake-timers 96ms (cache hit)
npm http fetch GET 200 https://registry.npmjs.org/@jest%2fsource-map 99ms (cache hit)
npm http fetch GET 200 https://registry.npmjs.org/jest-leak-detector 102ms (cache hit)
npm http fetch GET 200 https://registry.npmjs.org/natural-compare 98ms (cache hit)
npm http fetch GET 200 https://registry.npmjs.org/expect 100ms (cache hit)
npm http fetch GET 200 https://registry.npmjs.org/@jest%2fexpect-utils 103ms (cache hit)
npm http fetch GET 200 https://registry.npmjs.org/babel-preset-current-node-syntax 104ms (cache hit)
npm http fetch GET 200 https://registry.npmjs.org/@jest%2fenvironment 110ms (cache hit)
npm http fetch GET 200 https://registry.npmjs.org/jest-diff 108ms (cache hit)
npm http fetch GET 200 https://registry.npmjs.org/@jest%2fglobals 114ms (cache hit)
npm http fetch GET 200 https://registry.npmjs.org/leven 108ms (cache hit)
npm http fetch GET 200 https://registry.npmjs.org/jest-matcher-utils 113ms (cache hit)
npm http fetch GET 200 https://registry.npmjs.org/braces 110ms (cache hit)
npm http fetch GET 200 https://registry.npmjs.org/camelcase 113ms (cache hit)
npm http fetch GET 200 https://registry.npmjs.org/@istanbuljs%2fschema 16ms (cache hit)
npm http fetch GET 200 https://registry.npmjs.org/merge-stream 12ms (cache hit)
npm http fetch GET 200 https://registry.npmjs.org/make-dir 16ms (cache hit)
npm http fetch GET 200 https://registry.npmjs.org/html-escaper 14ms (cache hit)
npm http fetch GET 200 https://registry.npmjs.org/char-regex 13ms (cache hit)
npm http fetch GET 200 https://registry.npmjs.org/test-exclude 8ms (cache hit)
npm http fetch GET 200 https://registry.npmjs.org/imurmurhash 5ms (cache hit)
npm http fetch GET 200 https://registry.npmjs.org/@istanbuljs%2fload-nyc-config 8ms (cache hit)
npm http fetch GET 200 https://registry.npmjs.org/@types%2fyargs-parser 4ms (cache hit)
npm http fetch GET 200 https://registry.npmjs.org/@types%2fistanbul-lib-report 6ms (cache hit)
npm http fetch GET 200 https://registry.npmjs.org/@sinclair%2ftypebox 9ms (cache hit)
npm http fetch GET 200 https://registry.npmjs.org/get-package-type 10ms (cache hit)
npm http fetch GET 200 https://registry.npmjs.org/esprima 4ms (cache hit)
npm http fetch GET 200 https://registry.npmjs.org/npm-run-path 7ms (cache hit)
npm http fetch GET 200 https://registry.npmjs.org/is-stream 9ms (cache hit)
npm http fetch GET 200 https://registry.npmjs.org/get-stream 9ms (cache hit)
npm http fetch GET 200 https://registry.npmjs.org/onetime 10ms (cache hit)
npm http fetch GET 200 https://registry.npmjs.org/human-signals 9ms (cache hit)
npm http fetch GET 200 https://registry.npmjs.org/strip-final-newline 10ms (cache hit)
npm http fetch GET 200 https://registry.npmjs.org/mimic-fn 5ms (cache hit)
npm http fetch GET 200 https://registry.npmjs.org/dedent 14ms (cache hit)
npm http fetch GET 200 https://registry.npmjs.org/co 14ms (cache hit)
npm http fetch GET 200 https://registry.npmjs.org/@types%2fbabel__core 18ms (cache hit)
npm http fetch GET 200 https://registry.npmjs.org/babel-preset-jest 19ms (cache hit)
npm http fetch GET 200 https://registry.npmjs.org/@jest%2fexpect 17ms (cache hit)
npm http fetch GET 200 https://registry.npmjs.org/jest-each 20ms (cache hit)
npm http fetch GET 200 https://registry.npmjs.org/pure-rand 22ms (cache hit)
npm http fetch GET 200 https://registry.npmjs.org/error-ex 21ms (cache hit)
npm http fetch GET 200 https://registry.npmjs.org/json-parse-even-better-errors 21ms (cache hit)
npm http fetch GET 200 https://registry.npmjs.org/is-generator-fn 24ms (cache hit)
npm http fetch GET 200 https://registry.npmjs.org/@types%2fbabel__generator 6ms (cache hit)
npm http fetch GET 200 https://registry.npmjs.org/@types%2fbabel__template 8ms (cache hit)
npm http fetch GET 200 https://registry.npmjs.org/@types%2fbabel__traverse 8ms (cache hit)
npm http fetch GET 200 https://registry.npmjs.org/babel-plugin-jest-hoist 8ms (cache hit)
npm http fetch GET 200 https://registry.npmjs.org/@babel%2fplugin-syntax-bigint 14ms (cache hit)
npm http fetch GET 200 https://registry.npmjs.org/@babel%2fplugin-syntax-class-properties 15ms (cache hit)
npm http fetch GET 200 https://registry.npmjs.org/@babel%2fplugin-syntax-class-static-block 15ms (cache hit)
npm http fetch GET 200 https://registry.npmjs.org/@babel%2fplugin-syntax-async-generators 17ms (cache hit)
npm http fetch GET 200 https://registry.npmjs.org/@babel%2fplugin-syntax-numeric-separator 16ms (cache hit)
npm http fetch GET 200 https://registry.npmjs.org/@babel%2fplugin-syntax-import-meta 17ms (cache hit)
npm http fetch GET 200 https://registry.npmjs.org/@babel%2fplugin-syntax-import-attributes 18ms (cache hit)
npm http fetch GET 200 https://registry.npmjs.org/@babel%2fplugin-syntax-logical-assignment-operators 17ms (cache hit)
npm http fetch GET 200 https://registry.npmjs.org/@babel%2fplugin-syntax-json-strings 18ms (cache hit)
npm http fetch GET 200 https://registry.npmjs.org/@babel%2fplugin-syntax-object-rest-spread 19ms (cache hit)
npm http fetch GET 200 https://registry.npmjs.org/@babel%2fplugin-syntax-private-property-in-object 18ms (cache hit)
npm http fetch GET 200 https://registry.npmjs.org/@babel%2fplugin-syntax-optional-catch-binding 20ms (cache hit)
npm http fetch GET 200 https://registry.npmjs.org/@babel%2fplugin-syntax-top-level-await 19ms (cache hit)
npm http fetch GET 200 https://registry.npmjs.org/babel-plugin-macros 51ms (cache miss)
npm http fetch GET 200 https://registry.npmjs.org/@sinonjs%2ffake-timers 5ms (cache hit)
npm http fetch GET 200 https://registry.npmjs.org/@sinonjs%2fcommons 4ms (cache hit)
npm http fetch GET 200 https://registry.npmjs.org/type-detect 3ms (cache hit)
npm http fetch GET 200 https://registry.npmjs.org/bser 6ms (cache hit)
npm http fetch GET 200 https://registry.npmjs.org/makeerror 5ms (cache hit)
npm http fetch GET 200 https://registry.npmjs.org/normalize-path 8ms (cache hit)
npm http fetch GET 200 https://registry.npmjs.org/node-int64 3ms (cache hit)
npm http fetch GET 200 https://registry.npmjs.org/diff-sequences 4ms (cache hit)
npm http fetch GET 200 https://registry.npmjs.org/detect-newline 5ms (cache hit)
npm http fetch GET 200 https://registry.npmjs.org/callsites 5ms (cache hit)
npm http fetch GET 200 https://registry.npmjs.org/fill-range 4ms (cache hit)
npm http fetch GET 200 https://registry.npmjs.org/to-regex-range 3ms (cache hit)
npm http fetch GET 200 https://registry.npmjs.org/is-number 4ms (cache hit)
npm http fetch GET 200 https://registry.npmjs.org/balanced-match 3ms (cache hit)
npm http fetch GET 200 https://registry.npmjs.org/restore-cursor 8ms (cache hit)
npm http fetch GET 200 https://registry.npmjs.org/defaults 6ms (cache hit)
npm http fetch GET 200 https://registry.npmjs.org/@babel%2fpreset-env 64ms (cache miss)
npm http fetch GET 200 https://registry.npmjs.org/@react-native-community%2fcli-tools 129ms (cache hit)
npm http fetch GET 200 https://registry.npmjs.org/@react-native-community%2fcli-config 131ms (cache hit)
npm http fetch GET 200 https://registry.npmjs.org/@react-native-community%2fcli-clean 134ms (cache hit)
npm http fetch GET 200 https://registry.npmjs.org/@react-native-community%2fcli-hermes 134ms (cache hit)
npm http fetch GET 200 https://registry.npmjs.org/@react-native-community%2fcli-doctor 136ms (cache hit)
npm http fetch GET 200 https://registry.npmjs.org/@react-native-community%2fcli-server-api 139ms (cache hit)
npm http fetch GET 200 https://registry.npmjs.org/@react-native-community%2fcli-plugin-metro 140ms (cache hit)
npm http fetch GET 200 https://registry.npmjs.org/logkitty 141ms (cache hit)
npm http fetch GET 200 https://registry.npmjs.org/readline 122ms (cache hit)
npm http fetch GET 200 https://registry.npmjs.org/@react-native-community%2fcli-debugger-ui 143ms (cache hit)
npm http fetch GET 200 https://registry.npmjs.org/fast-xml-parser 144ms (cache hit)
npm http fetch GET 200 https://registry.npmjs.org/metro-config 128ms (cache hit)
npm http fetch GET 200 https://registry.npmjs.org/fast-xml-parser 149ms (cache hit)
npm http fetch GET 200 https://registry.npmjs.org/jscodeshift 143ms (cache hit)
npm http fetch GET 200 https://registry.npmjs.org/metro 137ms (cache hit)
npm http fetch GET 200 https://registry.npmjs.org/flow-parser 160ms (cache hit)
npm http fetch GET 200 https://registry.npmjs.org/asap 147ms (cache hit)
npm http fetch GET 200 https://registry.npmjs.org/prop-types 155ms (cache hit)
npm http fetch GET 200 https://registry.npmjs.org/ob1 152ms (cache hit)
npm http fetch GET 200 https://registry.npmjs.org/@react-native%2fmetro-babel-transformer 166ms (cache hit)
npm http fetch GET 200 https://registry.npmjs.org/minimist 159ms (cache hit)
npm http fetch GET 200 https://registry.npmjs.org/vlq 162ms (cache hit)
npm http fetch GET 200 https://registry.npmjs.org/metro-core 174ms (cache hit)
npm http fetch GET 200 https://registry.npmjs.org/@react-native-community%2fcli-types 199ms (cache hit)
npm http fetch GET 200 https://registry.npmjs.org/metro-symbolicate 165ms (cache hit)
npm http fetch GET 200 https://registry.npmjs.org/shell-quote 171ms (cache hit)
npm http fetch GET 200 https://registry.npmjs.org/object-assign 169ms (cache hit)
npm http fetch GET 200 https://registry.npmjs.org/@babel%2fpreset-modules 206ms (cache miss)
npm http fetch GET 200 https://registry.npmjs.org/@babel%2fplugin-transform-regexp-modifiers 204ms (cache miss)
npm http fetch GET 200 https://registry.npmjs.org/@babel%2fplugin-transform-new-target 209ms (cache miss)
npm http fetch GET 200 https://registry.npmjs.org/@babel%2fplugin-transform-unicode-escapes 209ms (cache miss)
npm http fetch GET 200 https://registry.npmjs.org/@babel%2fplugin-transform-object-super 214ms (cache miss)
npm http fetch GET 200 https://registry.npmjs.org/@babel%2fplugin-transform-modules-umd 215ms (cache miss)
npm http fetch GET 200 https://registry.npmjs.org/@babel%2fplugin-transform-modules-amd 217ms (cache miss)
npm http fetch GET 200 https://registry.npmjs.org/@babel%2fplugin-transform-template-literals 242ms (cache miss)
npm http fetch GET 200 https://registry.npmjs.org/@babel%2fplugin-transform-block-scoped-functions 252ms (cache miss)
npm http fetch GET 200 https://registry.npmjs.org/@babel%2fplugin-transform-unicode-property-regex 256ms (cache miss)
npm http fetch GET 200 https://registry.npmjs.org/@babel%2fplugin-transform-property-literals 258ms (cache miss)
npm http fetch GET 200 https://registry.npmjs.org/@babel%2fplugin-transform-class-static-block 263ms (cache miss)
npm http fetch GET 200 https://registry.npmjs.org/@babel%2fplugin-transform-json-strings 279ms (cache miss)
npm http fetch GET 200 https://registry.npmjs.org/@babel%2fplugin-transform-exponentiation-operator 282ms (cache miss)
npm http fetch GET 200 https://registry.npmjs.org/@babel%2fplugin-transform-unicode-sets-regex 307ms (cache miss)
npm http fetch GET 200 https://registry.npmjs.org/@babel%2fplugin-transform-member-expression-literals 307ms (cache miss)
npm http fetch GET 200 https://registry.npmjs.org/@babel%2fplugin-transform-explicit-resource-management 355ms (cache miss)
npm http fetch GET 200 https://registry.npmjs.org/@babel%2fplugin-bugfix-safari-class-field-initializer-scope 356ms (cache miss)
npm http fetch GET 200 https://registry.npmjs.org/@babel%2fplugin-bugfix-v8-static-class-fields-redefine-readonly 355ms (cache miss)
npm http fetch GET 200 https://registry.npmjs.org/@babel%2fplugin-bugfix-firefox-class-in-computed-class-key 362ms (cache miss)
npm http fetch GET 200 https://registry.npmjs.org/@babel%2fplugin-bugfix-v8-spread-parameters-in-optional-chaining 379ms (cache miss)
npm http fetch GET 200 https://registry.npmjs.org/@babel%2fplugin-proposal-private-property-in-object 403ms (cache miss)
npm http fetch GET 200 https://registry.npmjs.org/@babel%2fplugin-transform-duplicate-named-capturing-groups-regex 402ms (cache miss)
npm http fetch GET 200 https://registry.npmjs.org/@babel%2fplugin-bugfix-safari-id-destructuring-collision-in-function-expression 430ms (cache miss)
npm http fetch GET 200 https://registry.npmjs.org/@babel%2fplugin-transform-dynamic-import 570ms (cache miss)
npm http fetch GET 200 https://registry.npmjs.org/@babel%2fplugin-transform-duplicate-keys 579ms (cache miss)
npm http fetch GET 200 https://registry.npmjs.org/@babel%2fplugin-syntax-unicode-sets-regex 582ms (cache miss)
npm http fetch GET 200 https://registry.npmjs.org/@babel%2fplugin-transform-typeof-symbol 601ms (cache miss)
npm http fetch GET 200 https://registry.npmjs.org/@babel%2fplugin-syntax-import-assertions 603ms (cache miss)
npm http fetch GET 200 https://registry.npmjs.org/@babel%2fplugin-transform-reserved-words 605ms (cache miss)
npm http fetch GET 200 https://registry.npmjs.org/@babel%2fplugin-transform-modules-systemjs 606ms (cache miss)
npm http fetch GET 200 https://registry.npmjs.org/@babel%2fplugin-transform-dotall-regex 610ms (cache miss)
npm http fetch GET 200 https://registry.npmjs.org/esutils 56ms (cache miss)
npm http fetch GET 200 https://registry.npmjs.org/cosmiconfig 28ms (cache hit)
npm http fetch GET 200 https://registry.npmjs.org/hermes-profile-transformer 26ms (cache hit)
npm http fetch GET 200 https://registry.npmjs.org/node-stream-zip 26ms (cache hit)
npm http fetch GET 200 https://registry.npmjs.org/envinfo 28ms (cache hit)
npm http fetch GET 200 https://registry.npmjs.org/command-exists 28ms (cache hit)
npm http fetch GET 200 https://registry.npmjs.org/yaml 30ms (cache hit)
npm http fetch GET 200 https://registry.npmjs.org/nocache 27ms (cache hit)
npm http fetch GET 200 https://registry.npmjs.org/errorhandler 27ms (cache hit)
npm http fetch GET 200 https://registry.npmjs.org/sudo-prompt 25ms (cache hit)
npm http fetch GET 200 https://registry.npmjs.org/joi 37ms (cache hit)
npm http fetch GET 200 https://registry.npmjs.org/appdirsjs 29ms (cache hit)
npm http fetch GET 200 https://registry.npmjs.org/is-directory 10ms (cache hit)
npm http fetch GET 200 https://registry.npmjs.org/@hapi%2ftopo 9ms (cache hit)
npm http fetch GET 200 https://registry.npmjs.org/import-fresh 11ms (cache hit)
npm http fetch GET 200 https://registry.npmjs.org/@hapi%2fhoek 10ms (cache hit)
npm http fetch GET 200 https://registry.npmjs.org/@sideway%2fpinpoint 10ms (cache hit)
npm http fetch GET 200 https://registry.npmjs.org/@sideway%2fformula 10ms (cache hit)
npm http fetch GET 200 https://registry.npmjs.org/@sideway%2faddress 10ms (cache hit)
npm http fetch GET 200 https://registry.npmjs.org/is-interactive 7ms (cache hit)
npm http fetch GET 200 https://registry.npmjs.org/is-unicode-supported 8ms (cache hit)
npm http fetch GET 200 https://registry.npmjs.org/bl 8ms (cache hit)
npm http fetch GET 200 https://registry.npmjs.org/ansi-fragments 6ms (cache hit)
npm http fetch GET 200 https://registry.npmjs.org/strnum 8ms (cache hit)
npm http fetch GET 200 https://registry.npmjs.org/dayjs 6ms (cache hit)
npm http fetch GET 200 https://registry.npmjs.org/encoding 52ms (cache miss)
npm http fetch GET 200 https://registry.npmjs.org/whatwg-url 8ms (cache hit)
npm http fetch GET 200 https://registry.npmjs.org/denodeify 16ms (cache hit)
npm http fetch GET 200 https://registry.npmjs.org/throat 18ms (cache hit)
npm http fetch GET 200 https://registry.npmjs.org/metro-file-map 17ms (cache hit)
npm http fetch GET 200 https://registry.npmjs.org/metro-cache 19ms (cache hit)
npm http fetch GET 200 https://registry.npmjs.org/metro-resolver 20ms (cache hit)
npm http fetch GET 200 https://registry.npmjs.org/lodash.throttle 22ms (cache hit)
npm http fetch GET 200 https://registry.npmjs.org/image-size 24ms (cache hit)
npm http fetch GET 200 https://registry.npmjs.org/error-stack-parser 23ms (cache hit)
npm http fetch GET 200 https://registry.npmjs.org/serialize-error 25ms (cache hit)
npm http fetch GET 200 https://registry.npmjs.org/metro-cache-key 26ms (cache hit)
npm http fetch GET 200 https://registry.npmjs.org/metro-transform-worker 26ms (cache hit)
npm http fetch GET 200 https://registry.npmjs.org/metro-babel-transformer 27ms (cache hit)
npm http fetch GET 200 https://registry.npmjs.org/metro-transform-plugins 28ms (cache hit)
npm http fetch GET 200 https://registry.npmjs.org/@babel%2fplugin-proposal-object-rest-spread 11ms (cache hit)
npm http fetch GET 200 https://registry.npmjs.org/@babel%2fplugin-proposal-class-properties 13ms (cache hit)
npm http fetch GET 200 https://registry.npmjs.org/@babel%2fplugin-proposal-numeric-separator 14ms (cache hit)
npm http fetch GET 200 https://registry.npmjs.org/@babel%2fplugin-proposal-optional-chaining 14ms (cache hit)
npm http fetch GET 200 https://registry.npmjs.org/@babel%2fplugin-proposal-async-generator-functions 15ms (cache hit)
npm http fetch GET 200 https://registry.npmjs.org/@babel%2fplugin-proposal-optional-catch-binding 17ms (cache hit)
npm http fetch GET 200 https://registry.npmjs.org/@babel%2fplugin-proposal-nullish-coalescing-operator 17ms (cache hit)
npm http fetch GET 200 https://registry.npmjs.org/json-parse-better-errors 4ms (cache hit)
npm http fetch GET 200 https://registry.npmjs.org/caller-path 7ms (cache hit)
npm http fetch GET 200 https://registry.npmjs.org/caller-callsite 4ms (cache hit)
npm http fetch GET 200 https://registry.npmjs.org/slice-ansi 11ms (cache hit)
npm http fetch GET 200 https://registry.npmjs.org/decamelize 10ms (cache hit)
npm http fetch GET 200 https://registry.npmjs.org/colorette 13ms (cache hit)
npm http fetch GET 200 https://registry.npmjs.org/set-blocking 11ms (cache hit)
npm http fetch GET 200 https://registry.npmjs.org/require-main-filename 10ms (cache hit)
npm http fetch GET 200 https://registry.npmjs.org/which-module 11ms (cache hit)
npm http fetch GET 200 https://registry.npmjs.org/astral-regex 4ms (cache hit)
npm http fetch GET 200 https://registry.npmjs.org/exponential-backoff 18ms (cache hit)
npm http fetch GET 200 https://registry.npmjs.org/queue 21ms (cache hit)
npm http fetch GET 200 https://registry.npmjs.org/through2 14ms (cache hit)
npm http fetch GET 200 https://registry.npmjs.org/node-abort-controller 18ms (cache hit)
npm http fetch GET 200 https://registry.npmjs.org/stackframe 25ms (cache hit)
npm http fetch GET 200 https://registry.npmjs.org/metro-minify-terser 13ms (cache hit)
npm http fetch GET 200 https://registry.npmjs.org/xtend 4ms (cache hit)
npm http fetch GET 200 https://registry.npmjs.org/readable-stream 5ms (cache hit)
npm http fetch GET 200 https://registry.npmjs.org/terser 4ms (cache hit)
npm http fetch GET 200 https://registry.npmjs.org/@jridgewell%2fsource-map 5ms (cache hit)
npm http fetch GET 200 https://registry.npmjs.org/acorn 5ms (cache hit)
npm http fetch GET 200 https://registry.npmjs.org/tr46 3ms (cache hit)
npm http fetch GET 200 https://registry.npmjs.org/hoist-non-react-statics 5ms (cache hit)
npm http fetch GET 200 https://registry.npmjs.org/unicode-canonical-property-names-ecmascript 6ms (cache hit)
npm http fetch GET 200 https://registry.npmjs.org/unicode-property-aliases-ecmascript 7ms (cache hit)
npm http fetch GET 200 https://registry.npmjs.org/ini 5ms (cache hit)
npm http fetch GET 200 https://registry.npmjs.org/deep-extend 6ms (cache hit)
npm http fetch GET 200 https://registry.npmjs.org/toidentifier 6ms (cache hit)
npm http fetch GET 200 https://registry.npmjs.org/setprototypeof 7ms (cache hit)
npm http fetch GET 200 https://registry.npmjs.org/thenify-all 4ms (cache hit)
npm http fetch GET 200 https://registry.npmjs.org/any-promise 6ms (cache hit)
npm http fetch GET 200 https://registry.npmjs.org/thenify 4ms (cache hit)
npm http fetch GET 200 https://registry.npmjs.org/util-deprecate 6ms (cache hit)
npm http fetch GET 200 https://registry.npmjs.org/core-util-is 8ms (cache hit)
npm http fetch GET 200 https://registry.npmjs.org/isarray 8ms (cache hit)
npm http fetch GET 200 https://registry.npmjs.org/process-nextick-args 8ms (cache hit)
npm http fetch GET 200 https://registry.npmjs.org/string_decoder 9ms (cache hit)
npm http fetch GET 200 https://registry.npmjs.org/has-tostringtag 9ms (cache hit)
npm http fetch GET 200 https://registry.npmjs.org/for-each 5ms (cache hit)
npm http fetch GET 200 https://registry.npmjs.org/safe-regex-test 8ms (cache hit)
npm http fetch GET 200 https://registry.npmjs.org/available-typed-arrays 6ms (cache hit)
npm http fetch GET 200 https://registry.npmjs.org/is-regex 3ms (cache hit)
npm http fetch GET 200 https://registry.npmjs.org/tmpl 3ms (cache hit)
npm http fetch GET 200 https://registry.npmjs.org/clone 3ms (cache hit)
npm http fetch GET 200 https://registry.npmjs.org/ieee754 4ms (cache hit)
npm http fetch GET 200 https://registry.npmjs.org/is-callable 5ms (cache hit)
npm http fetch GET 200 https://registry.npmjs.org/possible-typed-array-names 6ms (cache hit)
npm http fetch GET 200 https://registry.npmjs.org/plist 3ms (cache hit)
npm http fetch GET 200 https://registry.npmjs.org/sprintf-js 4ms (cache hit)
npm http fetch GET 200 https://registry.npmjs.org/p-try 3ms (cache hit)
npm http fetch GET 200 https://registry.npmjs.org/wrappy 7ms (cache hit)
npm http fetch GET 200 https://registry.npmjs.org/concat-map 3ms (cache hit)
npm http fetch GET 200 https://registry.npmjs.org/@babel%2fhelper-environment-visitor 16ms (cache hit)
npm http fetch GET 200 https://registry.npmjs.org/node-dir 11ms (cache hit)
npm http fetch GET 200 https://registry.npmjs.org/neo-async 11ms (cache hit)
npm http fetch GET 200 https://registry.npmjs.org/temp 13ms (cache hit)
npm http fetch GET 200 https://registry.npmjs.org/recast 13ms (cache hit)
npm http fetch GET 200 https://registry.npmjs.org/@babel%2fpreset-flow 16ms (cache hit)
npm http fetch GET 200 https://registry.npmjs.org/@babel%2fregister 17ms (cache hit)
npm http fetch GET 200 https://registry.npmjs.org/babel-core 19ms (cache hit)
npm http fetch GET 200 https://registry.npmjs.org/clone-deep 12ms (cache hit)
npm http fetch GET 200 https://registry.npmjs.org/ast-types 9ms (cache hit)
npm http fetch GET 200 https://registry.npmjs.org/tslib 11ms (cache hit)
npm http fetch GET 200 https://registry.npmjs.org/find-cache-dir 16ms (cache hit)
npm http fetch GET 200 https://registry.npmjs.org/shallow-clone 9ms (cache hit)
npm http fetch GET 200 https://registry.npmjs.org/is-plain-object 9ms (cache hit)
npm http fetch GET 200 https://registry.npmjs.org/kind-of 10ms (cache hit)
npm http fetch GET 200 https://registry.npmjs.org/commondir 8ms (cache hit)
npm http fetch GET 200 https://registry.npmjs.org/pify 8ms (cache hit)
npm http fetch GET 200 https://registry.npmjs.org/isobject 4ms (cache hit)
npm http fetch GET 200 https://registry.npmjs.org/nice-try 4ms (cache hit)
npm http fetch GET 200 https://registry.npmjs.org/@react-native%2fnormalize-color 8ms (cache hit)
npm verb type range
npm verb stack expo-sqlite: No matching version found for expo-sqlite@~12.4.0.
npm verb stack     at module.exports (/usr/local/lib/node_modules/npm/node_modules/npm-pick-manifest/lib/index.js:209:23)
npm verb stack     at RegistryFetcher.manifest (/usr/local/lib/node_modules/npm/node_modules/pacote/lib/registry.js:119:22)
npm verb stack     at async #nodeFromEdge (/usr/local/lib/node_modules/npm/node_modules/@npmcli/arborist/lib/arborist/build-ideal-tree.js:1049:19)
npm verb stack     at async #buildDepStep (/usr/local/lib/node_modules/npm/node_modules/@npmcli/arborist/lib/arborist/build-ideal-tree.js:917:11)
npm verb stack     at async Arborist.buildIdealTree (/usr/local/lib/node_modules/npm/node_modules/@npmcli/arborist/lib/arborist/build-ideal-tree.js:196:7)
npm verb stack     at async Promise.all (index 1)
npm verb stack     at async Arborist.reify (/usr/local/lib/node_modules/npm/node_modules/@npmcli/arborist/lib/arborist/reify.js:159:5)
npm verb stack     at async Install.exec (/usr/local/lib/node_modules/npm/lib/commands/install.js:149:5)
npm verb stack     at async module.exports (/usr/local/lib/node_modules/npm/lib/cli-entry.js:61:5)
npm verb cwd /Users/tanakamasaya/Desktop/coding/EyeDropLogger
npm verb Darwin 24.5.0
npm verb node v22.16.0
npm verb npm  v9.8.1
npm ERR! code ETARGET
npm ERR! notarget No matching version found for expo-sqlite@~12.4.0.
npm ERR! notarget In most cases you or one of your dependencies are requesting
npm ERR! notarget a package version that doesn't exist.
npm verb exit 1
npm verb unfinished npm timer reify 1754125559488
npm verb unfinished npm timer reify:loadTrees 1754125559491
npm verb code 1

npm ERR! A complete log of this run can be found in: /Users/tanakamasaya/.npm/_logs/2025-08-02T09_05_59_207Z-debug-0.log
